<?xml version="1.0" encoding="UTF-8"?>
<!-- Generated by org.testng.reporters.JUnitReportReporter -->
<testsuite hostname="DESKTOP-4Q73JII" failures="0" tests="1" name="seleniumscript.SeleniumFindByClass" time="22.874" errors="0" timestamp="2023-02-13T19:56:32 MST" skipped="0">
  <testcase classname="seleniumscript.SeleniumFindByClass" name="loginmethod" time="22.874"/>
  <system-out/>
</testsuite> <!-- seleniumscript.SeleniumFindByClass -->
