<?xml version="1.0" encoding="UTF-8"?>
<!-- Generated by org.testng.reporters.JUnitReportReporter -->
<testsuite hostname="DESKTOP-4Q73JII" failures="0" tests="2" name="testng.DependsOnGroupMethod" time="0.055" errors="0" timestamp="2023-01-26T17:18:55 MST" skipped="0">
  <testcase classname="testng.DependsOnGroupMethod" name="method1" time="0.049"/>
  <system-out/>
  <testcase classname="testng.DependsOnGroupMethod" name="method2" time="0.006"/>
  <system-out/>
</testsuite> <!-- testng.DependsOnGroupMethod -->
