<?xml version="1.0" encoding="UTF-8"?>
<!-- Generated by org.testng.reporters.JUnitReportReporter -->
<testsuite hostname="DESKTOP-4Q73JII" failures="0" tests="2" name="testng.DependentTestEx" time="0.065" errors="0" timestamp="2023-01-26T16:47:19 MST" skipped="0">
  <testcase classname="testng.DependentTestEx" name="testmethod" time="0.013"/>
  <system-out/>
  <testcase classname="testng.DependentTestEx" name="testmethod1" time="0.052"/>
  <system-out/>
</testsuite> <!-- testng.DependentTestEx -->
