<?xml version="1.0" encoding="UTF-8"?>
<!-- Generated by org.testng.reporters.JUnitReportReporter -->
<testsuite hostname="DESKTOP-4Q73JII" failures="0" tests="2" name="testng.ParentsDependsOnMethod" time="0.049" errors="0" timestamp="2023-01-25T19:47:43 MST" skipped="0">
  <testcase classname="testng.ParentsDependsOnMethod" name="parentmethod1" time="0.044"/>
  <system-out/>
  <testcase classname="testng.ParentsDependsOnMethod" name="parentmethod" time="0.005"/>
  <system-out/>
</testsuite> <!-- testng.ParentsDependsOnMethod -->
