<?xml version="1.0" encoding="UTF-8"?>
<!-- Generated by org.testng.reporters.JUnitReportReporter -->
<testsuite hostname="DESKTOP-4Q73JII" failures="0" tests="3" name="testng.ParallelClass2" time="0.161" errors="0" timestamp="2023-01-27T18:35:45 MST" skipped="0">
  <testcase classname="testng.ParallelClass2" name="method6" time="0.055"/>
  <system-out/>
  <testcase classname="testng.ParallelClass2" name="method5" time="0.009"/>
  <system-out/>
  <testcase classname="testng.ParallelClass2" name="method4" time="0.097"/>
  <system-out/>
</testsuite> <!-- testng.ParallelClass2 -->
