<?xml version="1.0" encoding="UTF-8"?>
<!-- Generated by org.testng.reporters.JUnitReportReporter -->
<testsuite hostname="DESKTOP-4Q73JII" failures="0" tests="5" name="testng.PriorityClass" time="0.153" errors="0" timestamp="2023-01-27T18:35:45 MST" skipped="0">
  <testcase classname="testng.PriorityClass" name="method4" time="0.095"/>
  <system-out/>
  <testcase classname="testng.PriorityClass" name="method5" time="0.017"/>
  <system-out/>
  <testcase classname="testng.PriorityClass" name="method3" time="0.018"/>
  <system-out/>
  <testcase classname="testng.PriorityClass" name="method2" time="0.013"/>
  <system-out/>
  <testcase classname="testng.PriorityClass" name="method1" time="0.010"/>
  <system-out/>
</testsuite> <!-- testng.PriorityClass -->
