<?xml version="1.0" encoding="UTF-8"?>
<!-- Generated by org.testng.reporters.JUnitReportReporter -->
<testsuite hostname="DESKTOP-4Q73JII" failures="0" tests="1" name="testng.SeleniumScript2" time="32.505" errors="0" timestamp="2023-02-24T19:05:39 MST" skipped="0">
  <testcase classname="testng.SeleniumScript2" name="loginfacebook" time="32.505"/>
  <system-out/>
</testsuite> <!-- testng.SeleniumScript2 -->
