<?xml version="1.0" encoding="UTF-8"?>
<!-- Generated by org.testng.reporters.JUnitReportReporter -->
<testsuite hostname="DESKTOP-4Q73JII" failures="0" tests="1" name="testng.DependsOnGroup1" time="0.042" errors="0" timestamp="2023-01-30T17:51:39 MST" skipped="0">
  <testcase classname="testng.DependsOnGroup1" name="method2" time="0.042"/>
  <system-out/>
</testsuite> <!-- testng.DependsOnGroup1 -->
