<?xml version="1.0" encoding="UTF-8"?>
<!-- Generated by org.testng.reporters.JUnitReportReporter -->
<testsuite hostname="DESKTOP-4Q73JII" failures="0" tests="4" name="testng.IgnoreClassexample" time="0.170" errors="0" timestamp="2023-01-27T18:35:45 MST" skipped="0">
  <testcase classname="testng.IgnoreClassexample" name="method2" time="0.048"/>
  <system-out/>
  <testcase classname="testng.IgnoreClassexample" name="method1" time="0.094"/>
  <system-out/>
  <testcase classname="testng.IgnoreClassexample" name="method3" time="0.015"/>
  <system-out/>
  <testcase classname="testng.IgnoreClassexample" name="method4" time="0.013"/>
  <system-out/>
</testsuite> <!-- testng.IgnoreClassexample -->
