<?xml version="1.0" encoding="UTF-8"?>
<!-- Generated by org.testng.reporters.JUnitReportReporter -->
<testsuite hostname="DESKTOP-4Q73JII" failures="0" tests="3" name="seleniumscript.ExtentReport3" time="0.019" errors="0" timestamp="2023-02-24T18:49:40 MST" skipped="0">
  <testcase classname="seleniumscript.ExtentReport3" name="functionality2Test1" time="0.006"/>
  <system-out/>
  <testcase classname="seleniumscript.ExtentReport3" name="functionality2Test2" time="0.005"/>
  <system-out/>
  <testcase classname="seleniumscript.ExtentReport3" name="functionality2Test3" time="0.008"/>
  <system-out/>
</testsuite> <!-- seleniumscript.ExtentReport3 -->
