<?xml version="1.0" encoding="UTF-8"?>
<!-- Generated by org.testng.reporters.JUnitReportReporter -->
<testsuite hostname="DESKTOP-4Q73JII" failures="0" tests="11" name="testng.AllAnnotations" time="0.135" errors="0" timestamp="2023-01-23T21:56:40 MST" skipped="1">
  <testcase classname="testng.AllAnnotations" name="testmethod3" time="0.017"/>
  <system-out/>
  <testcase classname="testng.AllAnnotations" name="testmethod" time="0.030"/>
  <system-out/>
  <testcase classname="testng.AllAnnotations" name="testmethod2" time="0.013"/>
  <system-out/>
  <testcase classname="testng.AllAnnotations" name="testmethod4" time="0.009"/>
  <system-out/>
  <testcase classname="testng.AllAnnotations" name="testmethod2" time="0.012"/>
  <system-out/>
  <testcase classname="testng.AllAnnotations" name="testmethod2" time="0.023"/>
  <system-out/>
  <testcase classname="testng.AllAnnotations" name="testmethod2" time="0.009"/>
  <system-out/>
  <testcase classname="testng.AllAnnotations" name="testmethod2" time="0.007"/>
  <system-out/>
  <testcase classname="testng.AllAnnotations" name="testmethod2" time="0.008"/>
  <system-out/>
  <testcase classname="testng.AllAnnotations" name="testmethod2" time="0.007"/>
  <system-out/>
  <testcase classname="testng.AllAnnotations" name="testmethod1">
    <skipped/>
  </testcase> <!-- testmethod1 -->
  <system-out/>
</testsuite> <!-- testng.AllAnnotations -->
