<?xml version="1.0" encoding="UTF-8"?>
<!-- Generated by org.testng.reporters.JUnitReportReporter -->
<testsuite hostname="DESKTOP-4Q73JII" failures="0" tests="4" name="testng.DataProvider1" time="0.063" errors="0" timestamp="2023-02-02T18:53:20 MST" skipped="0">
  <testcase classname="testng.DataProvider1" name="method1" time="0.011"/>
  <system-out/>
  <testcase classname="testng.DataProvider1" name="method1" time="0.041"/>
  <system-out/>
  <testcase classname="testng.DataProvider1" name="method2" time="0.006"/>
  <system-out/>
  <testcase classname="testng.DataProvider1" name="method2" time="0.005"/>
  <system-out/>
</testsuite> <!-- testng.DataProvider1 -->
