<?xml version="1.0" encoding="UTF-8"?>
<!-- Generated by org.testng.reporters.JUnitReportReporter -->
<testsuite hostname="DESKTOP-4Q73JII" failures="0" tests="3" name="testng.ParallelClass1" time="0.154" errors="0" timestamp="2023-01-27T18:35:45 MST" skipped="0">
  <testcase classname="testng.ParallelClass1" name="method1" time="0.094"/>
  <system-out/>
  <testcase classname="testng.ParallelClass1" name="method3" time="0.016"/>
  <system-out/>
  <testcase classname="testng.ParallelClass1" name="method2" time="0.044"/>
  <system-out/>
</testsuite> <!-- testng.ParallelClass1 -->
