<?xml version="1.0" encoding="UTF-8"?>
<!-- Generated by org.testng.reporters.JUnitReportReporter -->
<testsuite hostname="DESKTOP-4Q73JII" failures="0" tests="1" name="seleniumscript.Webpage" time="24.762" errors="0" timestamp="2023-03-10T17:51:07 MST" skipped="0">
  <testcase classname="seleniumscript.Webpage" name="login" time="24.762"/>
  <system-out/>
</testsuite> <!-- seleniumscript.Webpage -->
