<?xml version="1.0" encoding="UTF-8"?>
<!-- Generated by org.testng.reporters.JUnitReportReporter -->
<testsuite hostname="DESKTOP-4Q73JII" failures="0" tests="1" name="seleniumscript.FluentWaitpgm" time="27.237" errors="0" timestamp="2023-02-24T18:57:46 MST" skipped="0">
  <testcase classname="seleniumscript.FluentWaitpgm" name="loginMethod" time="27.237"/>
  <system-out/>
</testsuite> <!-- seleniumscript.FluentWaitpgm -->
