<?xml version="1.0" encoding="UTF-8"?>
<!-- Generated by org.testng.reporters.JUnitReportReporter -->
<testsuite hostname="DESKTOP-4Q73JII" failures="0" tests="4" name="testng.ChildDependsOnMethod" time="0.059" errors="0" timestamp="2023-01-26T16:45:48 MST" skipped="0">
  <testcase classname="testng.ChildDependsOnMethod" name="parentmethod" time="0.007"/>
  <system-out/>
  <testcase classname="testng.ChildDependsOnMethod" name="parentmethod1" time="0.006"/>
  <system-out/>
  <testcase classname="testng.ChildDependsOnMethod" name="childmethod1" time="0.005"/>
  <system-out/>
  <testcase classname="testng.ChildDependsOnMethod" name="childmethod2" time="0.041"/>
  <system-out/>
</testsuite> <!-- testng.ChildDependsOnMethod -->
