<?xml version="1.0" encoding="UTF-8"?>
<!-- Generated by org.testng.reporters.JUnitReportReporter -->
<testsuite hostname="DESKTOP-4Q73JII" failures="0" tests="6" name="testng.DataProviderClass" time="0.078" errors="0" timestamp="2023-02-02T18:51:39 MST" skipped="0">
  <testcase classname="testng.DataProviderClass" name="testmethod1" time="0.004"/>
  <system-out/>
  <testcase classname="testng.DataProviderClass" name="testmethod1" time="0.040"/>
  <system-out/>
  <testcase classname="testng.DataProviderClass" name="testmethod1" time="0.005"/>
  <system-out/>
  <testcase classname="testng.DataProviderClass" name="testmethod2" time="0.020"/>
  <system-out/>
  <testcase classname="testng.DataProviderClass" name="testmethod2" time="0.005"/>
  <system-out/>
  <testcase classname="testng.DataProviderClass" name="testmethod2" time="0.004"/>
  <system-out/>
</testsuite> <!-- testng.DataProviderClass -->
