<?xml version="1.0" encoding="UTF-8"?>
<!-- Generated by org.testng.reporters.JUnitReportReporter -->
<testsuite hostname="DESKTOP-4Q73JII" failures="0" tests="3" name="seleniumscript.ExtentReport2" time="0.068" errors="0" timestamp="2023-02-24T18:49:40 MST" skipped="0">
  <testcase classname="seleniumscript.ExtentReport2" name="functionality1Test3" time="0.015"/>
  <system-out/>
  <testcase classname="seleniumscript.ExtentReport2" name="functionality1Test2" time="0.008"/>
  <system-out/>
  <testcase classname="seleniumscript.ExtentReport2" name="functionality1Test1" time="0.045"/>
  <system-out/>
</testsuite> <!-- seleniumscript.ExtentReport2 -->
